<?xml version="1.0" encoding="UTF-8"?>
<!-- Generated by org.testng.reporters.JUnitReportReporter -->
<testsuite hostname="DESKTOP-QPI063C" name="scripts.testCase1" tests="1" failures="0" timestamp="23 Sep 2022 14:41:07 GMT" time="57.524" errors="0">
  <testcase name="tc1" time="57.524" classname="scripts.testCase1"/>
</testsuite> <!-- scripts.testCase1 -->
