<?xml version="1.0" encoding="UTF-8"?>
<!-- Generated by org.testng.reporters.JUnitReportReporter -->
<testsuite hostname="DESKTOP-QPI063C" name="scripts.tastCase2" tests="1" failures="0" timestamp="23 Sep 2022 14:41:07 GMT" time="28.995" errors="0">
  <testcase name="tc2" time="28.995" classname="scripts.tastCase2"/>
</testsuite> <!-- scripts.tastCase2 -->
