<?xml version="1.0" encoding="UTF-8"?>
<!-- Generated by org.testng.reporters.JUnitReportReporter -->
<testsuite hostname="DESKTOP-QPI063C" name="scripts.tastCase3" tests="1" failures="0" timestamp="23 Sep 2022 14:41:07 GMT" time="38.675" errors="0">
  <testcase name="tc3" time="38.675" classname="scripts.tastCase3"/>
</testsuite> <!-- scripts.tastCase3 -->
